Start testing: Oct 13 16:55 EDT
----------------------------------------------------------
1/1 Testing: TestCaseName.TestName
1/1 Test: TestCaseName.TestName
Command: "/Users/tedlee/Documents/cpp/order-book/src/build/OrderBookTest" "--gtest_filter=TestCaseName.TestName" "--gtest_also_run_disabled_tests"
Directory: /Users/tedlee/Documents/cpp/order-book/src/build
"TestCaseName.TestName" start time: Oct 13 16:55 EDT
Output:
----------------------------------------------------------
Running main() from /private/tmp/googletest-20250808-4780-aa0gxy/googletest-1.17.0/googletest/src/gtest_main.cc
Note: Google Test filter = TestCaseName.TestName
[==========] Running 1 test from 1 test suite.
[----------] Global test environment set-up.
[----------] 1 test from TestCaseName
[ RUN      ] TestCaseName.TestName
[       OK ] TestCaseName.TestName (0 ms)
[----------] 1 test from TestCaseName (0 ms total)

[----------] Global test environment tear-down
[==========] 1 test from 1 test suite ran. (0 ms total)
[  PASSED  ] 1 test.
<end of output>
Test time =   0.00 sec
----------------------------------------------------------
Test Passed.
"TestCaseName.TestName" end time: Oct 13 16:55 EDT
"TestCaseName.TestName" time elapsed: 00:00:00
----------------------------------------------------------

End testing: Oct 13 16:55 EDT
